<?xml version="1.0" encoding="UTF-8"?>
<!-- Generated by org.testng.reporters.JUnitReportReporter -->
<testsuite hostname="Baek" failures="0" tests="1" name="tranggle_web.Account_Information_Save_Check" time="35.492" errors="0" timestamp="2023-08-16T19:14:26 KST" skipped="0">
  <testcase classname="tranggle_web.Account_Information_Save_Check" name="Account_Information_Save_Check_Test" time="35.492"/>
  <system-out/>
</testsuite> <!-- tranggle_web.Account_Information_Save_Check -->
