<?xml version="1.0" encoding="UTF-8"?>
<!-- Generated by org.testng.reporters.JUnitReportReporter -->
<testsuite hostname="Baek" failures="0" tests="1" name="tranggle_web.Normal_Login" time="13.196" errors="0" timestamp="2023-08-16T19:14:26 KST" skipped="0">
  <testcase classname="tranggle_web.Normal_Login" name="Login_Test" time="13.196"/>
  <system-out/>
</testsuite> <!-- tranggle_web.Normal_Login -->
