<?xml version="1.0" encoding="UTF-8"?>
<!-- Generated by org.testng.reporters.JUnitReportReporter -->
<testsuite hostname="Baek" failures="0" tests="1" name="tranggle_web.Pw_Resetting_1" time="7.431" errors="0" timestamp="2023-08-16T19:14:26 KST" skipped="0">
  <testcase classname="tranggle_web.Pw_Resetting_1" name="PW_Resetting_Move_Test" time="7.431"/>
  <system-out/>
</testsuite> <!-- tranggle_web.Pw_Resetting_1 -->
