<?xml version="1.0" encoding="UTF-8"?>
<!-- Generated by org.testng.reporters.JUnitReportReporter -->
<testsuite hostname="Baek" failures="0" tests="1" name="tranggle_web.Logout" time="17.065" errors="0" timestamp="2023-08-16T19:14:26 KST" skipped="0">
  <testcase classname="tranggle_web.Logout" name="Logout_Test" time="17.065"/>
  <system-out/>
</testsuite> <!-- tranggle_web.Logout -->
