<?xml version="1.0" encoding="UTF-8"?>
<!-- Generated by org.testng.reporters.JUnitReportReporter -->
<testsuite hostname="Baek" failures="0" tests="1" name="tranggle_web.Terms_And_Conditions_Of_Service" time="9.718" errors="0" timestamp="2023-08-16T19:14:26 KST" skipped="0">
  <testcase classname="tranggle_web.Terms_And_Conditions_Of_Service" name="Service_Detail_Test" time="9.718"/>
  <system-out/>
</testsuite> <!-- tranggle_web.Terms_And_Conditions_Of_Service -->
