<?xml version="1.0" encoding="UTF-8"?>
<!-- Generated by org.testng.reporters.JUnitReportReporter -->
<testsuite hostname="Baek" failures="0" tests="1" name="tranggle_web.Personal_Information_Processing_Policy" time="11.468" errors="0" timestamp="2023-08-16T19:14:26 KST" skipped="0">
  <testcase classname="tranggle_web.Personal_Information_Processing_Policy" name="Personal_Information_Processing_Policy_Test" time="11.468"/>
  <system-out/>
</testsuite> <!-- tranggle_web.Personal_Information_Processing_Policy -->
