<?xml version="1.0" encoding="UTF-8"?>
<!-- Generated by org.testng.reporters.JUnitReportReporter -->
<testsuite hostname="Baek" failures="0" tests="1" name="tranggle_web.Id_Search_1" time="7.432" errors="0" timestamp="2023-08-16T19:14:26 KST" skipped="0">
  <testcase classname="tranggle_web.Id_Search_1" name="ID_Search_Move_Test" time="7.432"/>
  <system-out/>
</testsuite> <!-- tranggle_web.Id_Search_1 -->
